mode: set
hw3/sexpr/eval.go:14.43,15.18 1 1
hw3/sexpr/eval.go:20.2,20.19 1 1
hw3/sexpr/eval.go:33.2,33.23 1 1
hw3/sexpr/eval.go:225.2,225.21 1 1
hw3/sexpr/eval.go:15.18,18.3 1 1
hw3/sexpr/eval.go:20.19,21.22 1 1
hw3/sexpr/eval.go:24.3,24.22 1 1
hw3/sexpr/eval.go:21.22,23.4 1 1
hw3/sexpr/eval.go:24.22,26.60 1 1
hw3/sexpr/eval.go:29.4,29.20 1 1
hw3/sexpr/eval.go:26.60,28.5 1 1
hw3/sexpr/eval.go:33.23,35.81 1 1
hw3/sexpr/eval.go:46.3,46.45 1 1
hw3/sexpr/eval.go:35.81,36.43 1 1
hw3/sexpr/eval.go:39.4,39.27 1 1
hw3/sexpr/eval.go:42.4,42.28 1 1
hw3/sexpr/eval.go:36.43,38.5 1 1
hw3/sexpr/eval.go:39.27,41.5 1 1
hw3/sexpr/eval.go:46.45,47.33 1 1
hw3/sexpr/eval.go:48.15,49.67 1 1
hw3/sexpr/eval.go:52.5,53.19 2 1
hw3/sexpr/eval.go:56.5,56.20 1 1
hw3/sexpr/eval.go:60.5,60.26 1 1
hw3/sexpr/eval.go:63.5,63.24 1 1
hw3/sexpr/eval.go:65.15,66.67 1 1
hw3/sexpr/eval.go:69.5,70.19 2 1
hw3/sexpr/eval.go:73.5,73.20 1 1
hw3/sexpr/eval.go:77.5,77.26 1 1
hw3/sexpr/eval.go:80.5,80.24 1 1
hw3/sexpr/eval.go:82.16,83.67 1 1
hw3/sexpr/eval.go:86.5,87.19 2 1
hw3/sexpr/eval.go:90.5,90.79 1 1
hw3/sexpr/eval.go:93.5,94.19 2 1
hw3/sexpr/eval.go:98.5,98.39 1 1
hw3/sexpr/eval.go:100.18,101.67 1 1
hw3/sexpr/eval.go:104.5,105.19 2 1
hw3/sexpr/eval.go:108.5,108.20 1 1
hw3/sexpr/eval.go:112.5,112.26 1 1
hw3/sexpr/eval.go:115.5,116.22 2 1
hw3/sexpr/eval.go:123.5,123.33 1 1
hw3/sexpr/eval.go:125.13,126.44 1 1
hw3/sexpr/eval.go:129.5,131.23 3 1
hw3/sexpr/eval.go:148.5,148.30 1 1
hw3/sexpr/eval.go:150.13,151.44 1 1
hw3/sexpr/eval.go:154.5,156.23 3 1
hw3/sexpr/eval.go:173.5,173.34 1 1
hw3/sexpr/eval.go:175.16,176.67 1 1
hw3/sexpr/eval.go:179.5,180.19 2 1
hw3/sexpr/eval.go:183.5,183.36 1 1
hw3/sexpr/eval.go:187.5,187.24 1 1
hw3/sexpr/eval.go:189.17,190.67 1 1
hw3/sexpr/eval.go:193.5,194.19 2 1
hw3/sexpr/eval.go:197.5,197.40 1 1
hw3/sexpr/eval.go:201.5,201.24 1 1
hw3/sexpr/eval.go:203.17,204.67 1 1
hw3/sexpr/eval.go:207.5,208.19 2 1
hw3/sexpr/eval.go:211.5,211.24 1 1
hw3/sexpr/eval.go:214.5,214.45 1 1
hw3/sexpr/eval.go:217.5,217.24 1 1
hw3/sexpr/eval.go:219.12,220.24 1 1
hw3/sexpr/eval.go:49.67,51.6 1 1
hw3/sexpr/eval.go:53.19,55.6 1 0
hw3/sexpr/eval.go:56.20,59.6 1 0
hw3/sexpr/eval.go:60.26,62.6 1 1
hw3/sexpr/eval.go:66.67,68.6 1 1
hw3/sexpr/eval.go:70.19,72.6 1 0
hw3/sexpr/eval.go:73.20,76.6 1 0
hw3/sexpr/eval.go:77.26,79.6 1 1
hw3/sexpr/eval.go:83.67,85.6 1 1
hw3/sexpr/eval.go:87.19,89.6 1 0
hw3/sexpr/eval.go:90.79,92.6 1 0
hw3/sexpr/eval.go:94.19,96.6 1 0
hw3/sexpr/eval.go:101.67,103.6 1 1
hw3/sexpr/eval.go:105.19,107.6 1 1
hw3/sexpr/eval.go:108.20,111.6 1 1
hw3/sexpr/eval.go:112.26,114.6 1 1
hw3/sexpr/eval.go:116.22,118.24 2 1
hw3/sexpr/eval.go:121.6,121.19 1 1
hw3/sexpr/eval.go:118.24,120.7 1 1
hw3/sexpr/eval.go:126.44,128.6 1 1
hw3/sexpr/eval.go:131.23,132.25 1 1
hw3/sexpr/eval.go:135.6,136.20 2 1
hw3/sexpr/eval.go:139.6,139.25 1 1
hw3/sexpr/eval.go:142.6,143.25 2 1
hw3/sexpr/eval.go:146.6,146.21 1 1
hw3/sexpr/eval.go:132.25,134.7 1 0
hw3/sexpr/eval.go:136.20,138.7 1 0
hw3/sexpr/eval.go:139.25,141.7 1 1
hw3/sexpr/eval.go:143.25,145.7 1 0
hw3/sexpr/eval.go:151.44,153.6 1 1
hw3/sexpr/eval.go:156.23,157.25 1 1
hw3/sexpr/eval.go:160.6,161.20 2 1
hw3/sexpr/eval.go:164.6,164.25 1 1
hw3/sexpr/eval.go:167.6,168.25 2 1
hw3/sexpr/eval.go:171.6,171.21 1 1
hw3/sexpr/eval.go:157.25,159.7 1 0
hw3/sexpr/eval.go:161.20,163.7 1 0
hw3/sexpr/eval.go:164.25,166.7 1 1
hw3/sexpr/eval.go:168.25,170.7 1 0
hw3/sexpr/eval.go:176.67,178.6 1 1
hw3/sexpr/eval.go:180.19,182.6 1 1
hw3/sexpr/eval.go:183.36,186.6 1 1
hw3/sexpr/eval.go:190.67,192.6 1 1
hw3/sexpr/eval.go:194.19,196.6 1 1
hw3/sexpr/eval.go:197.40,200.6 1 1
hw3/sexpr/eval.go:204.67,206.6 1 1
hw3/sexpr/eval.go:208.19,210.6 1 1
hw3/sexpr/eval.go:211.24,213.6 1 1
hw3/sexpr/eval.go:214.45,216.6 1 1
hw3/sexpr/lexer.go:43.41,49.2 1 1
hw3/sexpr/lexer.go:51.35,52.28 1 1
hw3/sexpr/lexer.go:55.2,55.39 1 1
hw3/sexpr/lexer.go:52.28,54.3 1 1
hw3/sexpr/lexer.go:66.36,70.2 1 1
hw3/sexpr/lexer.go:74.52,76.16 2 1
hw3/sexpr/lexer.go:85.2,85.12 1 1
hw3/sexpr/lexer.go:76.16,77.25 1 1
hw3/sexpr/lexer.go:77.25,81.4 2 1
hw3/sexpr/lexer.go:81.9,83.4 1 1
hw3/sexpr/lexer.go:88.26,90.2 1 1
hw3/sexpr/lexer.go:92.27,94.2 1 1
hw3/sexpr/lexer.go:96.27,98.2 1 1
hw3/sexpr/lexer.go:100.26,102.2 1 1
hw3/sexpr/lexer.go:104.28,106.2 1 1
hw3/sexpr/lexer.go:108.43,110.2 1 1
hw3/sexpr/lexer.go:112.43,114.2 1 1
hw3/sexpr/lexer.go:116.40,117.6 1 1
hw3/sexpr/lexer.go:117.6,119.10 2 1
hw3/sexpr/lexer.go:120.19,120.19 0 1
hw3/sexpr/lexer.go:122.21,123.28 1 1
hw3/sexpr/lexer.go:125.17,126.29 1 1
hw3/sexpr/lexer.go:128.17,129.29 1 1
hw3/sexpr/lexer.go:131.17,132.28 1 1
hw3/sexpr/lexer.go:134.18,135.30 1 1
hw3/sexpr/lexer.go:137.11,143.56 3 1
hw3/sexpr/lexer.go:148.4,148.28 1 1
hw3/sexpr/lexer.go:152.4,152.38 1 1
hw3/sexpr/lexer.go:143.56,145.5 1 1
hw3/sexpr/lexer.go:148.28,150.5 1 1
hw3/sexpr/lexer.go:159.29,160.15 1 1
hw3/sexpr/lexer.go:164.2,165.19 2 1
hw3/sexpr/lexer.go:168.2,169.10 2 1
hw3/sexpr/lexer.go:160.15,163.3 2 1
hw3/sexpr/lexer.go:165.19,167.3 1 1
hw3/sexpr/lexer.go:172.54,174.6 2 1
hw3/sexpr/lexer.go:174.6,177.19 3 1
hw3/sexpr/lexer.go:180.3,180.16 1 1
hw3/sexpr/lexer.go:177.19,179.4 1 1
hw3/sexpr/lexer.go:180.16,183.4 2 1
hw3/sexpr/lexer.go:187.30,190.2 2 1
hw3/sexpr/lexer.go:192.27,194.2 1 1
hw3/sexpr/lexer.go:196.36,198.2 1 1
hw3/sexpr/lexer.go:200.28,202.2 1 1
hw3/sexpr/parser.go:52.25,54.2 1 1
hw3/sexpr/parser.go:56.58,60.16 3 1
hw3/sexpr/parser.go:64.2,65.16 2 1
hw3/sexpr/parser.go:69.2,69.25 1 1
hw3/sexpr/parser.go:72.2,72.19 1 1
hw3/sexpr/parser.go:60.16,62.3 1 1
hw3/sexpr/parser.go:65.16,67.3 1 0
hw3/sexpr/parser.go:69.25,71.3 1 1
hw3/sexpr/parser.go:75.50,76.24 1 1
hw3/sexpr/parser.go:81.2,81.21 1 1
hw3/sexpr/parser.go:76.24,80.3 3 1
hw3/sexpr/parser.go:84.44,86.2 1 1
hw3/sexpr/parser.go:88.51,90.19 2 1
hw3/sexpr/parser.go:93.5,93.20 1 1
hw3/sexpr/parser.go:90.19,92.6 1 0
hw3/sexpr/parser.go:94.22,95.38 1 1
hw3/sexpr/parser.go:96.22,97.42 1 1
hw3/sexpr/parser.go:98.21,100.23 2 1
hw3/sexpr/parser.go:103.9,103.78 1 1
hw3/sexpr/parser.go:104.20,105.29 1 1
hw3/sexpr/parser.go:106.13,107.30 1 1
hw3/sexpr/parser.go:100.23,102.10 1 1
hw3/sexpr/parser.go:111.50,113.19 2 1
hw3/sexpr/parser.go:118.5,118.29 1 1
hw3/sexpr/parser.go:123.5,125.19 3 1
hw3/sexpr/parser.go:130.5,131.19 2 1
hw3/sexpr/parser.go:135.5,135.37 1 1
hw3/sexpr/parser.go:113.19,115.6 1 0
hw3/sexpr/parser.go:118.29,121.6 1 1
hw3/sexpr/parser.go:125.19,128.6 1 1
hw3/sexpr/parser.go:131.19,133.6 1 1
hw3/sexpr/parser.go:138.50,140.19 2 1
hw3/sexpr/parser.go:144.5,144.20 1 1
hw3/sexpr/parser.go:140.19,142.6 1 0
hw3/sexpr/parser.go:145.20,146.28 1 1
hw3/sexpr/parser.go:147.19,149.23 2 1
hw3/sexpr/parser.go:152.9,153.23 2 1
hw3/sexpr/parser.go:156.9,156.33 1 1
hw3/sexpr/parser.go:160.9,160.26 1 1
hw3/sexpr/parser.go:161.13,164.23 3 1
hw3/sexpr/parser.go:167.9,168.23 2 1
hw3/sexpr/parser.go:171.9,171.41 1 1
hw3/sexpr/parser.go:149.23,151.10 1 1
hw3/sexpr/parser.go:153.23,155.10 1 0
hw3/sexpr/parser.go:156.33,159.10 1 1
hw3/sexpr/parser.go:164.23,166.10 1 1
hw3/sexpr/parser.go:168.23,170.10 1 0
hw3/sexpr/sexpr.go:54.21,56.2 1 1
hw3/sexpr/sexpr.go:60.33,62.2 1 1
hw3/sexpr/sexpr.go:67.32,69.2 1 1
hw3/sexpr/sexpr.go:72.34,75.2 1 1
hw3/sexpr/sexpr.go:80.36,82.2 1 1
hw3/sexpr/sexpr.go:84.36,86.2 1 1
hw3/sexpr/sexpr.go:91.34,93.2 1 1
hw3/sexpr/sexpr.go:95.36,97.2 1 1
hw3/sexpr/sexpr.go:100.28,102.2 1 1
hw3/sexpr/sexpr.go:108.41,110.2 1 1
hw3/sexpr/sexpr.go:113.38,116.2 1 1
hw3/sexpr/sexpr.go:121.41,122.9 1 1
hw3/sexpr/sexpr.go:123.20,124.15 1 1
hw3/sexpr/sexpr.go:125.21,126.28 1 1
hw3/sexpr/sexpr.go:127.10,128.82 1 1
