mode: set
hw4/lgraph/lgraph.go:16.73,22.35 4 1
hw4/lgraph/lgraph.go:32.5,32.15 1 1
hw4/lgraph/lgraph.go:37.5,37.33 1 1
hw4/lgraph/lgraph.go:41.5,41.22 1 1
hw4/lgraph/lgraph.go:22.35,24.29 2 1
hw4/lgraph/lgraph.go:24.29,26.50 2 1
hw4/lgraph/lgraph.go:26.50,28.14 1 1
hw4/lgraph/lgraph.go:32.15,35.6 2 1
hw4/lgraph/lgraph.go:37.33,39.6 1 1
hw4/lgraph/lgraph.go:44.77,45.15 1 1
hw4/lgraph/lgraph.go:53.5,59.55 6 1
hw4/lgraph/lgraph.go:85.5,86.15 2 1
hw4/lgraph/lgraph.go:91.5,91.15 1 1
hw4/lgraph/lgraph.go:96.5,96.33 1 1
hw4/lgraph/lgraph.go:102.5,102.18 1 1
hw4/lgraph/lgraph.go:45.15,47.29 2 1
hw4/lgraph/lgraph.go:50.9,50.19 1 0
hw4/lgraph/lgraph.go:47.29,49.10 1 1
hw4/lgraph/lgraph.go:59.55,60.23 1 1
hw4/lgraph/lgraph.go:69.9,70.20 2 1
hw4/lgraph/lgraph.go:74.9,74.33 1 1
hw4/lgraph/lgraph.go:60.23,61.29 1 1
hw4/lgraph/lgraph.go:66.13,66.19 1 1
hw4/lgraph/lgraph.go:61.29,65.14 3 1
hw4/lgraph/lgraph.go:70.20,72.10 1 1
hw4/lgraph/lgraph.go:74.33,76.46 2 1
hw4/lgraph/lgraph.go:76.46,81.14 4 1
hw4/lgraph/lgraph.go:86.15,89.6 2 1
hw4/lgraph/lgraph.go:91.15,94.6 2 1
hw4/lgraph/lgraph.go:96.33,100.6 3 1
hw4/lgraph/lgraph.go:105.67,106.22 1 1
hw4/lgraph/lgraph.go:111.5,112.31 2 1
hw4/lgraph/lgraph.go:130.5,130.24 1 1
hw4/lgraph/lgraph.go:106.22,109.6 2 1
hw4/lgraph/lgraph.go:112.31,114.20 2 1
hw4/lgraph/lgraph.go:118.9,119.33 2 1
hw4/lgraph/lgraph.go:126.9,126.19 1 1
hw4/lgraph/lgraph.go:114.20,116.10 1 1
hw4/lgraph/lgraph.go:119.33,120.33 1 1
hw4/lgraph/lgraph.go:120.33,123.22 3 1
hw4/lgraph/lgraph.go:126.19,128.10 1 1
